<?xml version="1.0" encoding="UTF-8"?>
<testsuite xmlns:xsi="http://www.w3.org/2001/XMLSchema-instance" xsi:schemaLocation="https://maven.apache.org/surefire/maven-surefire-plugin/xsd/surefire-test-report.xsd" name="Parallel02IT" time="27.68" tests="4" errors="0" skipped="0" failures="0">
  <properties>
[...]
</properties>
  <testcase name="Given I am on the Guinea Pig homepage" classname="Scenario: Can follow link to another page" time="0.001"/>
  <testcase name="When I click on the link" classname="Scenario: Can follow link to another page" time="0"/>
  <testcase name="Then I should be on another page" classname="Scenario: Can follow link to another page" time="0"/>
  <testcase name="Scenario: Can follow link to another page" classname="Scenario: Can follow link to another page" time="0.279"/>
</testsuite>